0 info it worked if it ends with ok
1 verbose cli [ 'D:\\NODE\\node.exe',
1 verbose cli   'C:\\Users\\mazhenxiao\\AppData\\Roaming\\npm\\node_modules\\npm\\bin\\npm-cli.js',
1 verbose cli   'run',
1 verbose cli   'dev' ]
2 info using npm@3.10.10
3 info using node@v8.1.3
4 verbose run-script [ 'predev', 'dev', 'postdev' ]
5 info lifecycle longhu@1.0.0~predev: longhu@1.0.0
6 silly lifecycle longhu@1.0.0~predev: no script for predev, continuing
7 info lifecycle longhu@1.0.0~dev: longhu@1.0.0
8 verbose lifecycle longhu@1.0.0~dev: unsafe-perm in lifecycle true
9 verbose lifecycle longhu@1.0.0~dev: PATH: C:\Users\mazhenxiao\AppData\Roaming\npm\node_modules\npm\bin\node-gyp-bin;D:\Project-JinHui\SourceCode\POCS\POCS.Web\content\node_modules\.bin;C:\Program Files\Git\mingw64\bin;C:\Program Files\Git\usr\bin;C:\Users\mazhenxiao\bin;D:\app\mazhenxiao\product\11.2.0\client_2\bin;D:\app\mazhenxiao\product\11.2.0\client_1;C:\ProgramData\Oracle\Java\javapath;C:\Program Files (x86)\Common Files\NetSarang;C:\Windows\system32;C:\Windows;C:\Windows\System32\Wbem;C:\Windows\System32\WindowsPowerShell\v1.0;D:\Program Files (x86)\Git\bin;D:\Program Files (x86)\Git\cmd;D:\Program Files\TortoiseSVN\bin;D:\Program Files\mysql-5.7.11-winx64\bin;C:\Program Files\Git\cmd;D:\Program Files\SlikSvn\bin;C:\Windows\system32\config\systemprofile\.dnx\bin;C:\Program Files\Microsoft DNX\Dnvm;C:\Program Files\Microsoft SQL Server\130\Tools\Binn;D:\Program Files (x86)\VisualSVN\bin;C:\Program Files\Java\jdk1.8.0_51\bin;C:\Program Files (x86)\Java\jre1.8.0_101;D:\NODE;D:\Program Files\TortoiseGit\bin;C:\ProgramData\chocolatey\bin;C:\Users\mazhenxiao\.dnx\runtimes\dnx-clr-win-x86.1.0.0-rc1-update2\bin;C:\Users\mazhenxiao\.dnx\bin;D:\Program Files\Ruby23-x64\bin;D:\Program Files (x86)\Microsoft VS Code\bin;E:\tools\sdk;E:\tools\sdk\platform-tools;E:\tools\apache-ant-1.9.7-bin\apache-ant-1.9.7;C:\Program Files (x86)\sqlite;C:\Users\mazhenxiao\AppData\Roaming\npm
10 verbose lifecycle longhu@1.0.0~dev: CWD: D:\Project-JinHui\SourceCode\POCS\POCS.Web\content
11 silly lifecycle longhu@1.0.0~dev: Args: [ '/d /s /c', 'webpack --display-error-details -w' ]
12 silly lifecycle longhu@1.0.0~dev: Returned: code: 3221225786  signal: null
13 info lifecycle longhu@1.0.0~dev: Failed to exec dev script
14 verbose stack Error: longhu@1.0.0 dev: `webpack --display-error-details -w`
14 verbose stack Exit status 3221225786
14 verbose stack     at EventEmitter.<anonymous> (C:\Users\mazhenxiao\AppData\Roaming\npm\node_modules\npm\lib\utils\lifecycle.js:255:16)
14 verbose stack     at emitTwo (events.js:125:13)
14 verbose stack     at EventEmitter.emit (events.js:213:7)
14 verbose stack     at ChildProcess.<anonymous> (C:\Users\mazhenxiao\AppData\Roaming\npm\node_modules\npm\lib\utils\spawn.js:40:14)
14 verbose stack     at emitTwo (events.js:125:13)
14 verbose stack     at ChildProcess.emit (events.js:213:7)
14 verbose stack     at maybeClose (internal/child_process.js:897:16)
14 verbose stack     at Process.ChildProcess._handle.onexit (internal/child_process.js:208:5)
15 verbose pkgid longhu@1.0.0
16 verbose cwd D:\Project-JinHui\SourceCode\POCS\POCS.Web\content
17 error Windows_NT 10.0.10240
18 error argv "D:\\NODE\\node.exe" "C:\\Users\\mazhenxiao\\AppData\\Roaming\\npm\\node_modules\\npm\\bin\\npm-cli.js" "run" "dev"
19 error node v8.1.3
20 error npm  v3.10.10
21 error code ELIFECYCLE
22 error longhu@1.0.0 dev: `webpack --display-error-details -w`
22 error Exit status 3221225786
23 error Failed at the longhu@1.0.0 dev script 'webpack --display-error-details -w'.
23 error Make sure you have the latest version of node.js and npm installed.
23 error If you do, this is most likely a problem with the longhu package,
23 error not with npm itself.
23 error Tell the author that this fails on your system:
23 error     webpack --display-error-details -w
23 error You can get information on how to open an issue for this project with:
23 error     npm bugs longhu
23 error Or if that isn't available, you can get their info via:
23 error     npm owner ls longhu
23 error There is likely additional logging output above.
24 verbose exit [ 1, true ]
